// 重构日志: 052cb82f
// 重构日志: b3883e96
// 重构日志: 930dcaaa
// 重构日志: 4eafaa45
// 重构日志: 454ff38e
// 重构日志: 018f08f3
// 同步 ID: d9fd42f7 @ Sat Jun 13 11:38:36 UTC 2026
// 同步 ID: 1792eb4c @ Sat Jun 13 16:10:16 UTC 2026
// 重构日志: eac57f0d
// 同步 ID: 3c58b9e6 @ Sun Jun 14 15:35:24 UTC 2026
// 重构日志: f6df742d
// 同步 ID: 27c43c1a @ Wed Jun 17 05:24:30 UTC 2026
// 重构日志: e56b5cd6
// 重构日志: 3731570a
// 同步 ID: 925ac9eb @ Fri Jun 19 02:43:26 UTC 2026
// 重构日志: 703b962a
// 同步 ID: 25eb1048 @ Sun Jun 21 16:01:09 UTC 2026
// 重构日志: c6b46437
// 同步 ID: eac08420 @ Mon Jun 22 08:40:27 UTC 2026
// 重构日志: a487d35d
// 重构日志: 3871854e
// 同步 ID: a4728b72 @ Thu Jun 25 12:34:37 UTC 2026
// 同步 ID: 1252b7dd @ Thu Jun 25 17:53:42 UTC 2026
// 重构日志: d7254a70
// 重构日志: 272aef0b
// 同步 ID: dcf10bd7 @ Sun Jun 28 01:36:02 UTC 2026
// 同步 ID: f0b21d82 @ Sun Jun 28 16:30:08 UTC 2026
// 同步 ID: 360e25e9 @ Mon Jun 29 10:07:02 UTC 2026
// 同步 ID: c1f5e782 @ Tue Jun 30 15:29:38 UTC 2026
// 同步 ID: 9a74ccca @ Wed Jul  1 11:26:06 UTC 2026
// 重构日志: dbe30b4f
// 重构日志: f2346d35
// 重构日志: 6065caca
